<?xml version="1.0" encoding="UTF-8"?>
<testsuite name="com.example.pointsystem.PointServiceTest" tests="1" skipped="0" failures="0" errors="0" timestamp="2025-05-28T05:49:23" hostname="NB-4001895" time="9.022">
  <properties/>
  <testcase name="earnPoints_ValidRequest_SavesPointAndTransaction()" classname="com.example.pointsystem.PointServiceTest" time="9.022"/>
  <system-out><![CDATA[]]></system-out>
  <system-err><![CDATA[]]></system-err>
</testsuite>
