<?xml version="1.0" encoding="UTF-8"?>
<testsuite name="com.example.pointsystem.PointServiceTest" tests="1" skipped="0" failures="0" errors="0" timestamp="2025-05-27T07:45:29" hostname="NB-4001895" time="1.869">
  <properties/>
  <testcase name="earnPoints()" classname="com.example.pointsystem.PointServiceTest" time="1.869"/>
  <system-out><![CDATA[16:45:22.602 [Test worker] INFO org.springframework.test.context.support.AnnotationConfigContextLoaderUtils -- Could not detect default configuration classes for test class [com.example.pointsystem.PointServiceTest]: PointServiceTest does not declare any static, non-private, non-final, nested classes annotated with @Configuration.
16:45:22.729 [Test worker] INFO org.springframework.boot.test.context.SpringBootTestContextBootstrapper -- Found @SpringBootConfiguration com.example.pointsystem.PointSystemTaskApplication for test class com.example.pointsystem.PointServiceTest

  .   ____          _            __ _ _
 /\\ / ___'_ __ _ _(_)_ __  __ _ \ \ \ \
( ( )\___ | '_ | '_| | '_ \/ _` | \ \ \ \
 \\/  ___)| |_)| | | | | || (_| |  ) ) ) )
  '  |____| .__|_| |_|_| |_\__, | / / / /
 =========|_|==============|___/=/_/_/_/
 :: Spring Boot ::                (v3.1.4)

2025-05-27T16:45:23.451+09:00  INFO 10724 --- [    Test worker] c.example.pointsystem.PointServiceTest   : Starting PointServiceTest using Java 17.0.10 with PID 10724 (started by DKSYSTEMS in C:\Program Files\point-system-task)
2025-05-27T16:45:23.454+09:00  INFO 10724 --- [    Test worker] c.example.pointsystem.PointServiceTest   : No active profile set, falling back to 1 default profile: "default"
2025-05-27T16:45:24.394+09:00  INFO 10724 --- [    Test worker] .s.d.r.c.RepositoryConfigurationDelegate : Bootstrapping Spring Data JPA repositories in DEFAULT mode.
2025-05-27T16:45:24.496+09:00  INFO 10724 --- [    Test worker] .s.d.r.c.RepositoryConfigurationDelegate : Finished Spring Data repository scanning in 88 ms. Found 2 JPA repository interfaces.
2025-05-27T16:45:25.377+09:00  INFO 10724 --- [    Test worker] o.hibernate.jpa.internal.util.LogHelper  : HHH000204: Processing PersistenceUnitInfo [name: default]
2025-05-27T16:45:25.546+09:00  INFO 10724 --- [    Test worker] org.hibernate.Version                    : HHH000412: Hibernate ORM core version 6.2.9.Final
2025-05-27T16:45:25.552+09:00  INFO 10724 --- [    Test worker] org.hibernate.cfg.Environment            : HHH000406: Using bytecode reflection optimizer
2025-05-27T16:45:25.866+09:00  INFO 10724 --- [    Test worker] o.h.b.i.BytecodeProviderInitiator        : HHH000021: Bytecode provider name : bytebuddy
2025-05-27T16:45:26.097+09:00  INFO 10724 --- [    Test worker] o.s.o.j.p.SpringPersistenceUnitInfo      : No LoadTimeWeaver setup: ignoring JPA class transformer
2025-05-27T16:45:26.127+09:00  INFO 10724 --- [    Test worker] com.zaxxer.hikari.HikariDataSource       : HikariPool-1 - Starting...
2025-05-27T16:45:26.411+09:00  INFO 10724 --- [    Test worker] com.zaxxer.hikari.pool.HikariPool        : HikariPool-1 - Added connection conn0: url=jdbc:h2:mem:testdb user=SA
2025-05-27T16:45:26.415+09:00  INFO 10724 --- [    Test worker] com.zaxxer.hikari.HikariDataSource       : HikariPool-1 - Start completed.
2025-05-27T16:45:26.811+09:00  INFO 10724 --- [    Test worker] o.h.b.i.BytecodeProviderInitiator        : HHH000021: Bytecode provider name : bytebuddy
2025-05-27T16:45:27.671+09:00  INFO 10724 --- [    Test worker] o.h.e.t.j.p.i.JtaPlatformInitiator       : HHH000490: Using JtaPlatform implementation: [org.hibernate.engine.transaction.jta.platform.internal.NoJtaPlatform]
Hibernate: create table point (id bigint generated by default as identity, amount integer not null, created_at timestamp(6), expire_at timestamp(6), type varchar(255) check (type in ('EARNED','USED')), user_id bigint, primary key (id))
Hibernate: create table point_transaction (id bigint generated by default as identity, change_amount integer not null, created_at timestamp(6), description varchar(255), type tinyint check (type between 0 and 1), user_id bigint, primary key (id))
2025-05-27T16:45:27.744+09:00  INFO 10724 --- [    Test worker] j.LocalContainerEntityManagerFactoryBean : Initialized JPA EntityManagerFactory for persistence unit 'default'
2025-05-27T16:45:28.572+09:00  WARN 10724 --- [    Test worker] JpaBaseConfiguration$JpaWebConfiguration : spring.jpa.open-in-view is enabled by default. Therefore, database queries may be performed during view rendering. Explicitly configure spring.jpa.open-in-view to disable this warning
2025-05-27T16:45:29.197+09:00  INFO 10724 --- [    Test worker] c.example.pointsystem.PointServiceTest   : Started PointServiceTest in 6.186 seconds (process running for 8.502)
Hibernate: insert into point (amount,created_at,expire_at,type,user_id,id) values (?,?,?,?,?,default)
Hibernate: insert into point_transaction (change_amount,created_at,description,type,user_id,id) values (?,?,?,?,?,default)
Hibernate: select p1_0.id,p1_0.amount,p1_0.created_at,p1_0.expire_at,p1_0.type,p1_0.user_id from point p1_0 where p1_0.user_id=?
Hibernate: select p1_0.id,p1_0.change_amount,p1_0.created_at,p1_0.description,p1_0.type,p1_0.user_id from point_transaction p1_0 where p1_0.user_id=?
]]></system-out>
  <system-err><![CDATA[]]></system-err>
</testsuite>
